<?xml version="1.0" encoding="UTF-8"?>
<!-- Generated by org.testng.reporters.JUnitXMLReporter -->
<testsuite ignored="1" hostname="ShubhamMourya" failures="1" tests="1" name="Test" time="5.261" errors="0" timestamp="2024-02-16T22:22:46 AEDT">
  <testcase classname="testcases.AddTestRunFromJiraIssueScreen" name="addTestRunFromJiraIssue" time="5.226">
    <failure type="java.lang.IllegalStateException" message="The path to the driver executable The path to the driver executable must be set by the webdriver.chrome.driver system property; for more information, see https://chromedriver.chromium.org/. The latest version can be downloaded from https://chromedriver.chromium.org/downloads">
      <![CDATA[java.lang.IllegalStateException: The path to the driver executable The path to the driver executable must be set by the webdriver.chrome.driver system property; for more information, see https://chromedriver.chromium.org/. The latest version can be downloaded from https://chromedriver.chromium.org/downloads
at org.openqa.selenium.internal.Require$StateChecker.nonNull(Require.java:314)
at org.openqa.selenium.remote.service.DriverService.findExecutable(DriverService.java:148)
at org.openqa.selenium.chrome.ChromeDriverService.access$000(ChromeDriverService.java:39)
at org.openqa.selenium.chrome.ChromeDriverService$Builder.findDefaultExecutable(ChromeDriverService.java:233)
at org.openqa.selenium.remote.service.DriverService$Builder.build(DriverService.java:450)
at org.openqa.selenium.chrome.ChromeDriverService.createDefaultService(ChromeDriverService.java:128)
at org.openqa.selenium.chrome.ChromeDriver.<init>(ChromeDriver.java:49)
at testcases.AddTestRunFromJiraIssueScreen.addTestRunFromJiraIssue(AddTestRunFromJiraIssueScreen.java:88)
at java.base/java.util.ArrayList.forEach(ArrayList.java:1511)
... Removed 27 stack frames]]>
    </failure>
  </testcase> <!-- addTestRunFromJiraIssue -->
  <testcase classname="testcases.AddQuickTestRunFromJiraIssue" name="addQuickTestFromJiraIssue" time="0.0">
    <ignored/>
  </testcase> <!-- addQuickTestFromJiraIssue -->
</testsuite> <!-- Test -->
