<?xml version="1.0" encoding="UTF-8"?>
<testng-results ignored="1" total="2" passed="0" failed="1" skipped="0">
  <reporter-output>
  </reporter-output>
  <suite started-at="2024-02-16T22:22:41 AEDT" name="Suite" finished-at="2024-02-16T22:22:46 AEDT" duration-ms="5261">
    <groups>
    </groups>
    <test started-at="2024-02-16T22:22:41 AEDT" name="Test" finished-at="2024-02-16T22:22:46 AEDT" duration-ms="5261">
      <class name="testcases.AddQuickTestRunFromJiraIssue">
        <test-method is-config="true" signature="beforeTest()[pri:0, instance:testcases.AddQuickTestRunFromJiraIssue@5d0a1059]" started-at="2024-02-16T22:22:41 AEDT" name="beforeTest" finished-at="2024-02-16T22:22:41 AEDT" duration-ms="6" status="PASS">
          <reporter-output>
          </reporter-output>
        </test-method> <!-- beforeTest -->
        <test-method signature="addTestRunFromJiraIssue()[pri:0, instance:testcases.AddQuickTestRunFromJiraIssue@5d0a1059]" started-at="2024-02-16T22:22:41 AEDT" name="addTestRunFromJiraIssue" finished-at="2024-02-16T22:22:46 AEDT" duration-ms="5226" status="FAIL">
          <exception class="java.lang.IllegalStateException">
            <message>
              <![CDATA[The path to the driver executable The path to the driver executable must be set by the webdriver.chrome.driver system property; for more information, see https://chromedriver.chromium.org/. The latest version can be downloaded from https://chromedriver.chromium.org/downloads]]>
            </message>
            <full-stacktrace>
              <![CDATA[java.lang.IllegalStateException: The path to the driver executable The path to the driver executable must be set by the webdriver.chrome.driver system property; for more information, see https://chromedriver.chromium.org/. The latest version can be downloaded from https://chromedriver.chromium.org/downloads
at org.openqa.selenium.internal.Require$StateChecker.nonNull(Require.java:314)
at org.openqa.selenium.remote.service.DriverService.findExecutable(DriverService.java:148)
at org.openqa.selenium.chrome.ChromeDriverService.access$000(ChromeDriverService.java:39)
at org.openqa.selenium.chrome.ChromeDriverService$Builder.findDefaultExecutable(ChromeDriverService.java:233)
at org.openqa.selenium.remote.service.DriverService$Builder.build(DriverService.java:450)
at org.openqa.selenium.chrome.ChromeDriverService.createDefaultService(ChromeDriverService.java:128)
at org.openqa.selenium.chrome.ChromeDriver.<init>(ChromeDriver.java:49)
at testcases.AddTestRunFromJiraIssueScreen.addTestRunFromJiraIssue(AddTestRunFromJiraIssueScreen.java:88)
at java.base/jdk.internal.reflect.NativeMethodAccessorImpl.invoke0(Native Method)
at java.base/jdk.internal.reflect.NativeMethodAccessorImpl.invoke(NativeMethodAccessorImpl.java:77)
at java.base/jdk.internal.reflect.DelegatingMethodAccessorImpl.invoke(DelegatingMethodAccessorImpl.java:43)
at java.base/java.lang.reflect.Method.invoke(Method.java:568)
at org.testng.internal.MethodInvocationHelper.invokeMethod(MethodInvocationHelper.java:133)
at org.testng.internal.TestInvoker.invokeMethod(TestInvoker.java:598)
at org.testng.internal.TestInvoker.invokeTestMethod(TestInvoker.java:173)
at org.testng.internal.MethodRunner.runInSequence(MethodRunner.java:46)
at org.testng.internal.TestInvoker$MethodInvocationAgent.invoke(TestInvoker.java:824)
at org.testng.internal.TestInvoker.invokeTestMethods(TestInvoker.java:146)
at org.testng.internal.TestMethodWorker.invokeTestMethods(TestMethodWorker.java:146)
at org.testng.internal.TestMethodWorker.run(TestMethodWorker.java:128)
at java.base/java.util.ArrayList.forEach(ArrayList.java:1511)
at org.testng.TestRunner.privateRun(TestRunner.java:794)
at org.testng.TestRunner.run(TestRunner.java:596)
at org.testng.SuiteRunner.runTest(SuiteRunner.java:377)
at org.testng.SuiteRunner.runSequentially(SuiteRunner.java:371)
at org.testng.SuiteRunner.privateRun(SuiteRunner.java:332)
at org.testng.SuiteRunner.run(SuiteRunner.java:276)
at org.testng.SuiteRunnerWorker.runSuite(SuiteRunnerWorker.java:53)
at org.testng.SuiteRunnerWorker.run(SuiteRunnerWorker.java:96)
at org.testng.TestNG.runSuitesSequentially(TestNG.java:1212)
at org.testng.TestNG.runSuitesLocally(TestNG.java:1134)
at org.testng.TestNG.runSuites(TestNG.java:1063)
at org.testng.TestNG.run(TestNG.java:1031)
at org.testng.remote.AbstractRemoteTestNG.run(AbstractRemoteTestNG.java:115)
at org.testng.remote.RemoteTestNG.initAndRun(RemoteTestNG.java:251)
at org.testng.remote.RemoteTestNG.main(RemoteTestNG.java:77)
]]>
            </full-stacktrace>
          </exception> <!-- java.lang.IllegalStateException -->
          <reporter-output>
          </reporter-output>
        </test-method> <!-- addTestRunFromJiraIssue -->
      </class> <!-- testcases.AddQuickTestRunFromJiraIssue -->
    </test> <!-- Test -->
  </suite> <!-- Suite -->
</testng-results>
